
*** Running vivado
    with args -log NanoProcessor.vds -m64 -product Vivado -mode batch -messageDb vivado.pb -notrace -source NanoProcessor.tcl



****** Vivado v2022.2 (64-bit)
  **** SW Build 3671981 on Fri Oct 14 05:00:03 MDT 2022
  **** IP Build 3669848 on Fri Oct 14 08:30:02 MDT 2022
    ** Copyright 1986-2022 Xilinx, Inc. All Rights Reserved.

source NanoProcessor.tcl -notrace
Command: read_checkpoint -auto_incremental -incremental C:/Users/Kopimenan/Downloads/Documents/project_1/project_1.srcs/utils_1/imports/synth_1/NanoProcessor.dcp
INFO: [Vivado 12-5825] Read reference checkpoint from C:/Users/Kopimenan/Downloads/Documents/project_1/project_1.srcs/utils_1/imports/synth_1/NanoProcessor.dcp for incremental synthesis
INFO: [Vivado 12-7989] Please ensure there are no constraint changes
Command: synth_design -top NanoProcessor -part xc7a35tcpg236-1
Starting synth_design
Attempting to get a license for feature 'Synthesis' and/or device 'xc7a35t'
INFO: [Common 17-349] Got license for feature 'Synthesis' and/or device 'xc7a35t'
INFO: [Device 21-403] Loading part xc7a35tcpg236-1
INFO: [Designutils 20-5440] No compile time benefit to using incremental synthesis; A full resynthesis will be run
INFO: [Designutils 20-4379] Flow is switching to default flow due to incremental criteria not met. If you would like to alter this behaviour and have the flow terminate instead, please set the following parameter config_implementation {autoIncr.Synth.RejectBehavior Terminate}
INFO: [Synth 8-7079] Multithreading enabled for synth_design using a maximum of 2 processes.
INFO: [Synth 8-7078] Launching helper process for spawning children vivado processes
INFO: [Synth 8-7075] Helper process launched with PID 18164
INFO: [Synth 8-11241] undeclared symbol 'REGCCE', assumed default net type 'wire' [C:/Xilinx/Vivado/2022.2/data/verilog/src/unimacro/BRAM_SINGLE_MACRO.v:2170]
---------------------------------------------------------------------------------
Starting RTL Elaboration : Time (s): cpu = 00:00:04 ; elapsed = 00:00:05 . Memory (MB): peak = 1207.664 ; gain = 409.328
---------------------------------------------------------------------------------
INFO: [Synth 8-638] synthesizing module 'NanoProcessor' [C:/Users/Kopimenan/Downloads/Documents/project_1/project_1.srcs/sources_1/new/NanoProcessor.vhd:45]
INFO: [Synth 8-3491] module 'LUT_16_7' declared at 'C:/Users/Kopimenan/Downloads/Documents/project_1/project_1.srcs/sources_1/new/SevenSeg_LUT_16_7.vhd:34' bound to instance 'LUT_16_7_0' of component 'LUT_16_7' [C:/Users/Kopimenan/Downloads/Documents/project_1/project_1.srcs/sources_1/new/NanoProcessor.vhd:170]
INFO: [Synth 8-638] synthesizing module 'LUT_16_7' [C:/Users/Kopimenan/Downloads/Documents/project_1/project_1.srcs/sources_1/new/SevenSeg_LUT_16_7.vhd:39]
INFO: [Synth 8-256] done synthesizing module 'LUT_16_7' (0#1) [C:/Users/Kopimenan/Downloads/Documents/project_1/project_1.srcs/sources_1/new/SevenSeg_LUT_16_7.vhd:39]
INFO: [Synth 8-3491] module 'Slow_Clk' declared at 'C:/Users/Kopimenan/Downloads/Documents/project_1/project_1.srcs/sources_1/new/Slow_Clk.vhd:34' bound to instance 'Slow_Clk_0' of component 'Slow_Clk' [C:/Users/Kopimenan/Downloads/Documents/project_1/project_1.srcs/sources_1/new/NanoProcessor.vhd:175]
INFO: [Synth 8-638] synthesizing module 'Slow_Clk' [C:/Users/Kopimenan/Downloads/Documents/project_1/project_1.srcs/sources_1/new/Slow_Clk.vhd:39]
INFO: [Synth 8-256] done synthesizing module 'Slow_Clk' (0#1) [C:/Users/Kopimenan/Downloads/Documents/project_1/project_1.srcs/sources_1/new/Slow_Clk.vhd:39]
INFO: [Synth 8-3491] module 'Program_Rom' declared at 'C:/Users/Kopimenan/Downloads/Documents/project_1/project_1.srcs/sources_1/new/Program_Rom.vhd:35' bound to instance 'Program_Rom_0' of component 'Program_Rom' [C:/Users/Kopimenan/Downloads/Documents/project_1/project_1.srcs/sources_1/new/NanoProcessor.vhd:180]
INFO: [Synth 8-638] synthesizing module 'Program_Rom' [C:/Users/Kopimenan/Downloads/Documents/project_1/project_1.srcs/sources_1/new/Program_Rom.vhd:41]
INFO: [Synth 8-256] done synthesizing module 'Program_Rom' (0#1) [C:/Users/Kopimenan/Downloads/Documents/project_1/project_1.srcs/sources_1/new/Program_Rom.vhd:41]
INFO: [Synth 8-3491] module 'Program_Counter' declared at 'C:/Users/Kopimenan/Downloads/Documents/project_1/project_1.srcs/sources_1/new/Program_Counter.vhd:35' bound to instance 'Program_Counter_0' of component 'Program_Counter' [C:/Users/Kopimenan/Downloads/Documents/project_1/project_1.srcs/sources_1/new/NanoProcessor.vhd:185]
INFO: [Synth 8-638] synthesizing module 'Program_Counter' [C:/Users/Kopimenan/Downloads/Documents/project_1/project_1.srcs/sources_1/new/Program_Counter.vhd:43]
INFO: [Synth 8-256] done synthesizing module 'Program_Counter' (0#1) [C:/Users/Kopimenan/Downloads/Documents/project_1/project_1.srcs/sources_1/new/Program_Counter.vhd:43]
INFO: [Synth 8-3491] module 'Instuction_Decoder' declared at 'C:/Users/Kopimenan/Downloads/Documents/project_1/project_1.srcs/sources_1/new/Instruction_Decoder.vhd:33' bound to instance 'Instuction_Decoder_0' of component 'Instuction_Decoder' [C:/Users/Kopimenan/Downloads/Documents/project_1/project_1.srcs/sources_1/new/NanoProcessor.vhd:194]
INFO: [Synth 8-638] synthesizing module 'Instuction_Decoder' [C:/Users/Kopimenan/Downloads/Documents/project_1/project_1.srcs/sources_1/new/Instruction_Decoder.vhd:47]
INFO: [Synth 8-256] done synthesizing module 'Instuction_Decoder' (0#1) [C:/Users/Kopimenan/Downloads/Documents/project_1/project_1.srcs/sources_1/new/Instruction_Decoder.vhd:47]
INFO: [Synth 8-3491] module 'Reg_Bank' declared at 'C:/Users/Kopimenan/Downloads/Documents/project_1/project_1.srcs/sources_1/new/Reg_Bank.vhd:35' bound to instance 'Reg_Bank_0' of component 'Reg_Bank' [C:/Users/Kopimenan/Downloads/Documents/project_1/project_1.srcs/sources_1/new/NanoProcessor.vhd:209]
INFO: [Synth 8-638] synthesizing module 'Reg_Bank' [C:/Users/Kopimenan/Downloads/Documents/project_1/project_1.srcs/sources_1/new/Reg_Bank.vhd:50]
INFO: [Synth 8-3491] module 'Decoder_3_to_8' declared at 'C:/Users/Kopimenan/Downloads/Documents/project_1/project_1.srcs/sources_1/new/Decoder_3_to_8.vhd:33' bound to instance 'Decoder_3_to_8_0' of component 'Decoder_3_to_8' [C:/Users/Kopimenan/Downloads/Documents/project_1/project_1.srcs/sources_1/new/Reg_Bank.vhd:70]
INFO: [Synth 8-638] synthesizing module 'Decoder_3_to_8' [C:/Users/Kopimenan/Downloads/Documents/project_1/project_1.srcs/sources_1/new/Decoder_3_to_8.vhd:39]
INFO: [Synth 8-256] done synthesizing module 'Decoder_3_to_8' (0#1) [C:/Users/Kopimenan/Downloads/Documents/project_1/project_1.srcs/sources_1/new/Decoder_3_to_8.vhd:39]
INFO: [Synth 8-3491] module 'Reg' declared at 'C:/Users/Kopimenan/Downloads/Documents/project_1/project_1.srcs/sources_1/new/Reg.vhd:33' bound to instance 'R0' of component 'Reg' [C:/Users/Kopimenan/Downloads/Documents/project_1/project_1.srcs/sources_1/new/Reg_Bank.vhd:77]
INFO: [Synth 8-638] synthesizing module 'Reg' [C:/Users/Kopimenan/Downloads/Documents/project_1/project_1.srcs/sources_1/new/Reg.vhd:41]
INFO: [Synth 8-256] done synthesizing module 'Reg' (0#1) [C:/Users/Kopimenan/Downloads/Documents/project_1/project_1.srcs/sources_1/new/Reg.vhd:41]
INFO: [Synth 8-3491] module 'Reg' declared at 'C:/Users/Kopimenan/Downloads/Documents/project_1/project_1.srcs/sources_1/new/Reg.vhd:33' bound to instance 'R1' of component 'Reg' [C:/Users/Kopimenan/Downloads/Documents/project_1/project_1.srcs/sources_1/new/Reg_Bank.vhd:86]
INFO: [Synth 8-3491] module 'Reg' declared at 'C:/Users/Kopimenan/Downloads/Documents/project_1/project_1.srcs/sources_1/new/Reg.vhd:33' bound to instance 'R2' of component 'Reg' [C:/Users/Kopimenan/Downloads/Documents/project_1/project_1.srcs/sources_1/new/Reg_Bank.vhd:95]
INFO: [Synth 8-3491] module 'Reg' declared at 'C:/Users/Kopimenan/Downloads/Documents/project_1/project_1.srcs/sources_1/new/Reg.vhd:33' bound to instance 'R3' of component 'Reg' [C:/Users/Kopimenan/Downloads/Documents/project_1/project_1.srcs/sources_1/new/Reg_Bank.vhd:104]
INFO: [Synth 8-3491] module 'Reg' declared at 'C:/Users/Kopimenan/Downloads/Documents/project_1/project_1.srcs/sources_1/new/Reg.vhd:33' bound to instance 'R4' of component 'Reg' [C:/Users/Kopimenan/Downloads/Documents/project_1/project_1.srcs/sources_1/new/Reg_Bank.vhd:113]
INFO: [Synth 8-3491] module 'Reg' declared at 'C:/Users/Kopimenan/Downloads/Documents/project_1/project_1.srcs/sources_1/new/Reg.vhd:33' bound to instance 'R5' of component 'Reg' [C:/Users/Kopimenan/Downloads/Documents/project_1/project_1.srcs/sources_1/new/Reg_Bank.vhd:122]
INFO: [Synth 8-3491] module 'Reg' declared at 'C:/Users/Kopimenan/Downloads/Documents/project_1/project_1.srcs/sources_1/new/Reg.vhd:33' bound to instance 'R6' of component 'Reg' [C:/Users/Kopimenan/Downloads/Documents/project_1/project_1.srcs/sources_1/new/Reg_Bank.vhd:131]
INFO: [Synth 8-3491] module 'Reg' declared at 'C:/Users/Kopimenan/Downloads/Documents/project_1/project_1.srcs/sources_1/new/Reg.vhd:33' bound to instance 'R7' of component 'Reg' [C:/Users/Kopimenan/Downloads/Documents/project_1/project_1.srcs/sources_1/new/Reg_Bank.vhd:140]
INFO: [Synth 8-256] done synthesizing module 'Reg_Bank' (0#1) [C:/Users/Kopimenan/Downloads/Documents/project_1/project_1.srcs/sources_1/new/Reg_Bank.vhd:50]
INFO: [Synth 8-3491] module 'Add_Sub_Unit' declared at 'C:/Users/Kopimenan/Downloads/Documents/project_1/project_1.srcs/sources_1/new/Add_Sub_Unit.vhd:24' bound to instance 'Add_Sub_Unit_0' of component 'Add_Sub_Unit' [C:/Users/Kopimenan/Downloads/Documents/project_1/project_1.srcs/sources_1/new/NanoProcessor.vhd:224]
INFO: [Synth 8-638] synthesizing module 'Add_Sub_Unit' [C:/Users/Kopimenan/Downloads/Documents/project_1/project_1.srcs/sources_1/new/Add_Sub_Unit.vhd:35]
INFO: [Synth 8-3491] module 'RCA_4' declared at 'C:/Users/Kopimenan/Downloads/Documents/project_1/project_1.srcs/sources_1/new/RCA_4.vhd:33' bound to instance 'RCA_4_0' of component 'RCA_4' [C:/Users/Kopimenan/Downloads/Documents/project_1/project_1.srcs/sources_1/new/Add_Sub_Unit.vhd:52]
INFO: [Synth 8-638] synthesizing module 'RCA_4' [C:/Users/Kopimenan/Downloads/Documents/project_1/project_1.srcs/sources_1/new/RCA_4.vhd:41]
INFO: [Synth 8-3491] module 'FA' declared at 'C:/Users/Kopimenan/Downloads/Documents/project_1/project_1.srcs/sources_1/new/FA.vhd:34' bound to instance 'FA_0' of component 'FA' [C:/Users/Kopimenan/Downloads/Documents/project_1/project_1.srcs/sources_1/new/RCA_4.vhd:53]
INFO: [Synth 8-638] synthesizing module 'FA' [C:/Users/Kopimenan/Downloads/Documents/project_1/project_1.srcs/sources_1/new/FA.vhd:42]
INFO: [Synth 8-3491] module 'HA' declared at 'C:/Users/Kopimenan/Downloads/Documents/project_1/project_1.srcs/sources_1/new/HA.vhd:34' bound to instance 'HA_0' of component 'HA' [C:/Users/Kopimenan/Downloads/Documents/project_1/project_1.srcs/sources_1/new/FA.vhd:57]
INFO: [Synth 8-638] synthesizing module 'HA' [C:/Users/Kopimenan/Downloads/Documents/project_1/project_1.srcs/sources_1/new/HA.vhd:41]
INFO: [Synth 8-256] done synthesizing module 'HA' (0#1) [C:/Users/Kopimenan/Downloads/Documents/project_1/project_1.srcs/sources_1/new/HA.vhd:41]
INFO: [Synth 8-3491] module 'HA' declared at 'C:/Users/Kopimenan/Downloads/Documents/project_1/project_1.srcs/sources_1/new/HA.vhd:34' bound to instance 'HA_1' of component 'HA' [C:/Users/Kopimenan/Downloads/Documents/project_1/project_1.srcs/sources_1/new/FA.vhd:64]
INFO: [Synth 8-256] done synthesizing module 'FA' (0#1) [C:/Users/Kopimenan/Downloads/Documents/project_1/project_1.srcs/sources_1/new/FA.vhd:42]
INFO: [Synth 8-3491] module 'FA' declared at 'C:/Users/Kopimenan/Downloads/Documents/project_1/project_1.srcs/sources_1/new/FA.vhd:34' bound to instance 'FA_1' of component 'FA' [C:/Users/Kopimenan/Downloads/Documents/project_1/project_1.srcs/sources_1/new/RCA_4.vhd:61]
INFO: [Synth 8-3491] module 'FA' declared at 'C:/Users/Kopimenan/Downloads/Documents/project_1/project_1.srcs/sources_1/new/FA.vhd:34' bound to instance 'FA_2' of component 'FA' [C:/Users/Kopimenan/Downloads/Documents/project_1/project_1.srcs/sources_1/new/RCA_4.vhd:69]
INFO: [Synth 8-3491] module 'FA' declared at 'C:/Users/Kopimenan/Downloads/Documents/project_1/project_1.srcs/sources_1/new/FA.vhd:34' bound to instance 'FA_3' of component 'FA' [C:/Users/Kopimenan/Downloads/Documents/project_1/project_1.srcs/sources_1/new/RCA_4.vhd:77]
INFO: [Synth 8-256] done synthesizing module 'RCA_4' (0#1) [C:/Users/Kopimenan/Downloads/Documents/project_1/project_1.srcs/sources_1/new/RCA_4.vhd:41]
INFO: [Synth 8-256] done synthesizing module 'Add_Sub_Unit' (0#1) [C:/Users/Kopimenan/Downloads/Documents/project_1/project_1.srcs/sources_1/new/Add_Sub_Unit.vhd:35]
INFO: [Synth 8-3491] module 'MUX_2_way_4_Bit' declared at 'C:/Users/Kopimenan/Downloads/Documents/project_1/project_1.srcs/sources_1/new/MUX_2_way_4_Bit.vhd:25' bound to instance 'Mux_2_way_4_Bit_0' of component 'MUX_2_way_4_Bit' [C:/Users/Kopimenan/Downloads/Documents/project_1/project_1.srcs/sources_1/new/NanoProcessor.vhd:234]
INFO: [Synth 8-638] synthesizing module 'MUX_2_way_4_Bit' [C:/Users/Kopimenan/Downloads/Documents/project_1/project_1.srcs/sources_1/new/MUX_2_way_4_Bit.vhd:32]
INFO: [Synth 8-226] default block is never used [C:/Users/Kopimenan/Downloads/Documents/project_1/project_1.srcs/sources_1/new/MUX_2_way_4_Bit.vhd:37]
INFO: [Synth 8-256] done synthesizing module 'MUX_2_way_4_Bit' (0#1) [C:/Users/Kopimenan/Downloads/Documents/project_1/project_1.srcs/sources_1/new/MUX_2_way_4_Bit.vhd:32]
INFO: [Synth 8-3491] module 'MUX_8_way_4_Bit' declared at 'C:/Users/Kopimenan/Downloads/Documents/project_1/project_1.srcs/sources_1/new/MUX_8_way_4_Bit.vhd:25' bound to instance 'MUX_8_way_4_Bit_A' of component 'MUX_8_way_4_Bit' [C:/Users/Kopimenan/Downloads/Documents/project_1/project_1.srcs/sources_1/new/NanoProcessor.vhd:242]
INFO: [Synth 8-638] synthesizing module 'MUX_8_way_4_Bit' [C:/Users/Kopimenan/Downloads/Documents/project_1/project_1.srcs/sources_1/new/MUX_8_way_4_Bit.vhd:38]
INFO: [Synth 8-226] default block is never used [C:/Users/Kopimenan/Downloads/Documents/project_1/project_1.srcs/sources_1/new/MUX_8_way_4_Bit.vhd:43]
INFO: [Synth 8-256] done synthesizing module 'MUX_8_way_4_Bit' (0#1) [C:/Users/Kopimenan/Downloads/Documents/project_1/project_1.srcs/sources_1/new/MUX_8_way_4_Bit.vhd:38]
INFO: [Synth 8-3491] module 'MUX_8_way_4_Bit' declared at 'C:/Users/Kopimenan/Downloads/Documents/project_1/project_1.srcs/sources_1/new/MUX_8_way_4_Bit.vhd:25' bound to instance 'MUX_8_way_4_Bit_B' of component 'MUX_8_way_4_Bit' [C:/Users/Kopimenan/Downloads/Documents/project_1/project_1.srcs/sources_1/new/NanoProcessor.vhd:256]
INFO: [Synth 8-3491] module 'Adder_3_Bit' declared at 'C:/Users/Kopimenan/Downloads/Documents/project_1/project_1.srcs/sources_1/new/Adder_3_Bit.vhd:34' bound to instance 'Adder_3_Bit_0' of component 'Adder_3_Bit' [C:/Users/Kopimenan/Downloads/Documents/project_1/project_1.srcs/sources_1/new/NanoProcessor.vhd:270]
INFO: [Synth 8-638] synthesizing module 'Adder_3_Bit' [C:/Users/Kopimenan/Downloads/Documents/project_1/project_1.srcs/sources_1/new/Adder_3_Bit.vhd:41]
INFO: [Synth 8-3491] module 'FA' declared at 'C:/Users/Kopimenan/Downloads/Documents/project_1/project_1.srcs/sources_1/new/FA.vhd:34' bound to instance 'FA_0' of component 'FA' [C:/Users/Kopimenan/Downloads/Documents/project_1/project_1.srcs/sources_1/new/Adder_3_Bit.vhd:60]
INFO: [Synth 8-3491] module 'FA' declared at 'C:/Users/Kopimenan/Downloads/Documents/project_1/project_1.srcs/sources_1/new/FA.vhd:34' bound to instance 'FA_1' of component 'FA' [C:/Users/Kopimenan/Downloads/Documents/project_1/project_1.srcs/sources_1/new/Adder_3_Bit.vhd:68]
INFO: [Synth 8-3491] module 'FA' declared at 'C:/Users/Kopimenan/Downloads/Documents/project_1/project_1.srcs/sources_1/new/FA.vhd:34' bound to instance 'FA_2' of component 'FA' [C:/Users/Kopimenan/Downloads/Documents/project_1/project_1.srcs/sources_1/new/Adder_3_Bit.vhd:76]
INFO: [Synth 8-256] done synthesizing module 'Adder_3_Bit' (0#1) [C:/Users/Kopimenan/Downloads/Documents/project_1/project_1.srcs/sources_1/new/Adder_3_Bit.vhd:41]
INFO: [Synth 8-3491] module 'MUX_2_way_3_Bit' declared at 'C:/Users/Kopimenan/Downloads/Documents/project_1/project_1.srcs/sources_1/new/MUX_2_way_3_Bit.vhd:25' bound to instance 'MUX_2_way_3_Bit_0' of component 'MUX_2_way_3_Bit' [C:/Users/Kopimenan/Downloads/Documents/project_1/project_1.srcs/sources_1/new/NanoProcessor.vhd:277]
INFO: [Synth 8-638] synthesizing module 'MUX_2_way_3_Bit' [C:/Users/Kopimenan/Downloads/Documents/project_1/project_1.srcs/sources_1/new/MUX_2_way_3_Bit.vhd:32]
INFO: [Synth 8-226] default block is never used [C:/Users/Kopimenan/Downloads/Documents/project_1/project_1.srcs/sources_1/new/MUX_2_way_3_Bit.vhd:37]
INFO: [Synth 8-256] done synthesizing module 'MUX_2_way_3_Bit' (0#1) [C:/Users/Kopimenan/Downloads/Documents/project_1/project_1.srcs/sources_1/new/MUX_2_way_3_Bit.vhd:32]
INFO: [Synth 8-256] done synthesizing module 'NanoProcessor' (0#1) [C:/Users/Kopimenan/Downloads/Documents/project_1/project_1.srcs/sources_1/new/NanoProcessor.vhd:45]
WARNING: [Synth 8-3917] design NanoProcessor has port anode[3] driven by constant 1
WARNING: [Synth 8-3917] design NanoProcessor has port anode[2] driven by constant 1
WARNING: [Synth 8-3917] design NanoProcessor has port anode[1] driven by constant 1
WARNING: [Synth 8-3917] design NanoProcessor has port anode[0] driven by constant 0
WARNING: [Synth 8-7129] Port C_in in module Adder_3_Bit is either unconnected or has no load
WARNING: [Synth 8-7129] Port EN in module Decoder_3_to_8 is either unconnected or has no load
WARNING: [Synth 8-7129] Port En in module Program_Counter is either unconnected or has no load
---------------------------------------------------------------------------------
Finished RTL Elaboration : Time (s): cpu = 00:00:06 ; elapsed = 00:00:06 . Memory (MB): peak = 1299.438 ; gain = 501.102
---------------------------------------------------------------------------------
---------------------------------------------------------------------------------
Start Handling Custom Attributes
---------------------------------------------------------------------------------
---------------------------------------------------------------------------------
Finished Handling Custom Attributes : Time (s): cpu = 00:00:06 ; elapsed = 00:00:06 . Memory (MB): peak = 1299.438 ; gain = 501.102
---------------------------------------------------------------------------------
---------------------------------------------------------------------------------
Finished RTL Optimization Phase 1 : Time (s): cpu = 00:00:06 ; elapsed = 00:00:06 . Memory (MB): peak = 1299.438 ; gain = 501.102
---------------------------------------------------------------------------------
Netlist sorting complete. Time (s): cpu = 00:00:00 ; elapsed = 00:00:00.003 . Memory (MB): peak = 1299.438 ; gain = 0.000
INFO: [Project 1-570] Preparing netlist for logic optimization

Processing XDC Constraints
Initializing timing engine
Parsing XDC File [C:/Users/Kopimenan/Downloads/Documents/project_1/project_1.srcs/constrs_1/new/nanoProcessor.xdc]
Finished Parsing XDC File [C:/Users/Kopimenan/Downloads/Documents/project_1/project_1.srcs/constrs_1/new/nanoProcessor.xdc]
INFO: [Project 1-236] Implementation specific constraints were found while reading constraint file [C:/Users/Kopimenan/Downloads/Documents/project_1/project_1.srcs/constrs_1/new/nanoProcessor.xdc]. These constraints will be ignored for synthesis but will be used in implementation. Impacted constraints are listed in the file [.Xil/NanoProcessor_propImpl.xdc].
Resolution: To avoid this warning, move constraints listed in [.Xil/NanoProcessor_propImpl.xdc] to another XDC file and exclude this new file from synthesis with the used_in_synthesis property (File Properties dialog in GUI) and re-run elaboration/synthesis.
Completed Processing XDC Constraints

Netlist sorting complete. Time (s): cpu = 00:00:00 ; elapsed = 00:00:00 . Memory (MB): peak = 1355.891 ; gain = 0.000
INFO: [Project 1-111] Unisim Transformation Summary:
No Unisim elements were transformed.

Constraint Validation Runtime : Time (s): cpu = 00:00:00 ; elapsed = 00:00:00.002 . Memory (MB): peak = 1355.891 ; gain = 0.000
INFO: [Designutils 20-5440] No compile time benefit to using incremental synthesis; A full resynthesis will be run
INFO: [Designutils 20-4379] Flow is switching to default flow due to incremental criteria not met. If you would like to alter this behaviour and have the flow terminate instead, please set the following parameter config_implementation {autoIncr.Synth.RejectBehavior Terminate}
INFO: [Synth 8-11241] undeclared symbol 'REGCCE', assumed default net type 'wire' [C:/Xilinx/Vivado/2022.2/data/verilog/src/unimacro/BRAM_SINGLE_MACRO.v:2170]
---------------------------------------------------------------------------------
Finished Constraint Validation : Time (s): cpu = 00:00:11 ; elapsed = 00:00:13 . Memory (MB): peak = 1355.891 ; gain = 557.555
---------------------------------------------------------------------------------
---------------------------------------------------------------------------------
Start Loading Part and Timing Information
---------------------------------------------------------------------------------
Loading part: xc7a35tcpg236-1
---------------------------------------------------------------------------------
Finished Loading Part and Timing Information : Time (s): cpu = 00:00:11 ; elapsed = 00:00:13 . Memory (MB): peak = 1355.891 ; gain = 557.555
---------------------------------------------------------------------------------
---------------------------------------------------------------------------------
Start Applying 'set_property' XDC Constraints
---------------------------------------------------------------------------------
---------------------------------------------------------------------------------
Finished applying 'set_property' XDC Constraints : Time (s): cpu = 00:00:11 ; elapsed = 00:00:13 . Memory (MB): peak = 1355.891 ; gain = 557.555
---------------------------------------------------------------------------------
---------------------------------------------------------------------------------
Finished RTL Optimization Phase 2 : Time (s): cpu = 00:00:11 ; elapsed = 00:00:13 . Memory (MB): peak = 1355.891 ; gain = 557.555
---------------------------------------------------------------------------------
---------------------------------------------------------------------------------
Start RTL Component Statistics 
---------------------------------------------------------------------------------
Detailed RTL Component Info : 
+---Adders : 
	   2 Input   32 Bit       Adders := 1     
+---XORs : 
	   2 Input      1 Bit         XORs := 18    
	   4 Input      1 Bit         XORs := 1     
+---Registers : 
	               32 Bit    Registers := 1     
	                4 Bit    Registers := 8     
	                3 Bit    Registers := 1     
	                1 Bit    Registers := 2     
+---Muxes : 
	   9 Input   12 Bit        Muxes := 1     
	   8 Input    8 Bit        Muxes := 1     
	  17 Input    7 Bit        Muxes := 1     
	   2 Input    4 Bit        Muxes := 4     
	   2 Input    3 Bit        Muxes := 12    
	   5 Input    3 Bit        Muxes := 1     
	   2 Input    1 Bit        Muxes := 3     
---------------------------------------------------------------------------------
Finished RTL Component Statistics 
---------------------------------------------------------------------------------
---------------------------------------------------------------------------------
Start Part Resource Summary
---------------------------------------------------------------------------------
Part Resources:
DSPs: 90 (col length:60)
BRAMs: 100 (col length: RAMB18 60 RAMB36 30)
---------------------------------------------------------------------------------
Finished Part Resource Summary
---------------------------------------------------------------------------------
---------------------------------------------------------------------------------
Start Cross Boundary and Area Optimization
---------------------------------------------------------------------------------
WARNING: [Synth 8-7080] Parallel synthesis criteria is not met
WARNING: [Synth 8-3917] design NanoProcessor has port anode[3] driven by constant 1
WARNING: [Synth 8-3917] design NanoProcessor has port anode[2] driven by constant 1
WARNING: [Synth 8-3917] design NanoProcessor has port anode[1] driven by constant 1
WARNING: [Synth 8-3917] design NanoProcessor has port anode[0] driven by constant 0
---------------------------------------------------------------------------------
Finished Cross Boundary and Area Optimization : Time (s): cpu = 00:00:13 ; elapsed = 00:00:15 . Memory (MB): peak = 1355.891 ; gain = 557.555
---------------------------------------------------------------------------------
---------------------------------------------------------------------------------
Start Applying XDC Timing Constraints
---------------------------------------------------------------------------------
---------------------------------------------------------------------------------
Finished Applying XDC Timing Constraints : Time (s): cpu = 00:00:17 ; elapsed = 00:00:19 . Memory (MB): peak = 1355.891 ; gain = 557.555
---------------------------------------------------------------------------------
---------------------------------------------------------------------------------
Start Timing Optimization
---------------------------------------------------------------------------------
---------------------------------------------------------------------------------
Finished Timing Optimization : Time (s): cpu = 00:00:17 ; elapsed = 00:00:19 . Memory (MB): peak = 1355.891 ; gain = 557.555
---------------------------------------------------------------------------------
---------------------------------------------------------------------------------
Start Technology Mapping
---------------------------------------------------------------------------------
---------------------------------------------------------------------------------
Finished Technology Mapping : Time (s): cpu = 00:00:17 ; elapsed = 00:00:19 . Memory (MB): peak = 1355.891 ; gain = 557.555
---------------------------------------------------------------------------------
---------------------------------------------------------------------------------
Start IO Insertion
---------------------------------------------------------------------------------
---------------------------------------------------------------------------------
Start Flattening Before IO Insertion
---------------------------------------------------------------------------------
---------------------------------------------------------------------------------
Finished Flattening Before IO Insertion
---------------------------------------------------------------------------------
---------------------------------------------------------------------------------
Start Final Netlist Cleanup
---------------------------------------------------------------------------------
---------------------------------------------------------------------------------
Finished Final Netlist Cleanup
---------------------------------------------------------------------------------
---------------------------------------------------------------------------------
Finished IO Insertion : Time (s): cpu = 00:00:20 ; elapsed = 00:00:23 . Memory (MB): peak = 1355.891 ; gain = 557.555
---------------------------------------------------------------------------------
---------------------------------------------------------------------------------
Start Renaming Generated Instances
---------------------------------------------------------------------------------
---------------------------------------------------------------------------------
Finished Renaming Generated Instances : Time (s): cpu = 00:00:20 ; elapsed = 00:00:23 . Memory (MB): peak = 1355.891 ; gain = 557.555
---------------------------------------------------------------------------------
---------------------------------------------------------------------------------
Start Rebuilding User Hierarchy
---------------------------------------------------------------------------------
---------------------------------------------------------------------------------
Finished Rebuilding User Hierarchy : Time (s): cpu = 00:00:20 ; elapsed = 00:00:23 . Memory (MB): peak = 1355.891 ; gain = 557.555
---------------------------------------------------------------------------------
---------------------------------------------------------------------------------
Start Renaming Generated Ports
---------------------------------------------------------------------------------
---------------------------------------------------------------------------------
Finished Renaming Generated Ports : Time (s): cpu = 00:00:20 ; elapsed = 00:00:23 . Memory (MB): peak = 1355.891 ; gain = 557.555
---------------------------------------------------------------------------------
---------------------------------------------------------------------------------
Start Handling Custom Attributes
---------------------------------------------------------------------------------
---------------------------------------------------------------------------------
Finished Handling Custom Attributes : Time (s): cpu = 00:00:20 ; elapsed = 00:00:23 . Memory (MB): peak = 1355.891 ; gain = 557.555
---------------------------------------------------------------------------------
---------------------------------------------------------------------------------
Start Renaming Generated Nets
---------------------------------------------------------------------------------
---------------------------------------------------------------------------------
Finished Renaming Generated Nets : Time (s): cpu = 00:00:20 ; elapsed = 00:00:23 . Memory (MB): peak = 1355.891 ; gain = 557.555
---------------------------------------------------------------------------------
---------------------------------------------------------------------------------
Start Writing Synthesis Report
---------------------------------------------------------------------------------

Report BlackBoxes: 
+-+--------------+----------+
| |BlackBox name |Instances |
+-+--------------+----------+
+-+--------------+----------+

Report Cell Usage: 
+------+-------+------+
|      |Cell   |Count |
+------+-------+------+
|1     |BUFG   |     1|
|2     |CARRY4 |     8|
|3     |LUT1   |     1|
|4     |LUT2   |     2|
|5     |LUT3   |    13|
|6     |LUT4   |    12|
|7     |LUT5   |    12|
|8     |LUT6   |    11|
|9     |FDCE   |    16|
|10    |FDRE   |    36|
|11    |FDSE   |     1|
|12    |IBUF   |     2|
|13    |OBUF   |    17|
+------+-------+------+
---------------------------------------------------------------------------------
Finished Writing Synthesis Report : Time (s): cpu = 00:00:20 ; elapsed = 00:00:23 . Memory (MB): peak = 1355.891 ; gain = 557.555
---------------------------------------------------------------------------------
Synthesis finished with 0 errors, 0 critical warnings and 5 warnings.
Synthesis Optimization Runtime : Time (s): cpu = 00:00:14 ; elapsed = 00:00:22 . Memory (MB): peak = 1355.891 ; gain = 501.102
Synthesis Optimization Complete : Time (s): cpu = 00:00:21 ; elapsed = 00:00:23 . Memory (MB): peak = 1355.891 ; gain = 557.555
INFO: [Project 1-571] Translating synthesized netlist
Netlist sorting complete. Time (s): cpu = 00:00:00 ; elapsed = 00:00:00.001 . Memory (MB): peak = 1355.891 ; gain = 0.000
INFO: [Netlist 29-17] Analyzing 8 Unisim elements for replacement
INFO: [Netlist 29-28] Unisim Transformation completed in 0 CPU seconds
INFO: [Project 1-570] Preparing netlist for logic optimization
INFO: [Opt 31-138] Pushed 0 inverter(s) to 0 load pin(s).
Netlist sorting complete. Time (s): cpu = 00:00:00 ; elapsed = 00:00:00 . Memory (MB): peak = 1355.891 ; gain = 0.000
INFO: [Project 1-111] Unisim Transformation Summary:
No Unisim elements were transformed.

Synth Design complete, checksum: 10fb4d7e
INFO: [Common 17-83] Releasing license: Synthesis
91 Infos, 12 Warnings, 0 Critical Warnings and 0 Errors encountered.
synth_design completed successfully
synth_design: Time (s): cpu = 00:00:23 ; elapsed = 00:00:27 . Memory (MB): peak = 1355.891 ; gain = 934.320
INFO: [Common 17-1381] The checkpoint 'C:/Users/Kopimenan/Downloads/Documents/project_1/project_1.runs/synth_1/NanoProcessor.dcp' has been generated.
INFO: [runtcl-4] Executing : report_utilization -file NanoProcessor_utilization_synth.rpt -pb NanoProcessor_utilization_synth.pb
INFO: [Common 17-206] Exiting Vivado at Sun Jun 11 16:40:47 2023...

*** Running vivado
    with args -log NanoProcessor.vds -m64 -product Vivado -mode batch -messageDb vivado.pb -notrace -source NanoProcessor.tcl



****** Vivado v2022.2 (64-bit)
  **** SW Build 3671981 on Fri Oct 14 05:00:03 MDT 2022
  **** IP Build 3669848 on Fri Oct 14 08:30:02 MDT 2022
    ** Copyright 1986-2022 Xilinx, Inc. All Rights Reserved.

source NanoProcessor.tcl -notrace
create_project: Time (s): cpu = 00:00:03 ; elapsed = 00:00:10 . Memory (MB): peak = 393.926 ; gain = 63.242
Command: read_checkpoint -auto_incremental -incremental C:/Users/Kopimenan/Downloads/Documents/project_1/project_1.srcs/utils_1/imports/synth_1/NanoProcessor.dcp
INFO: [Vivado 12-5825] Read reference checkpoint from C:/Users/Kopimenan/Downloads/Documents/project_1/project_1.srcs/utils_1/imports/synth_1/NanoProcessor.dcp for incremental synthesis
INFO: [Vivado 12-7989] Please ensure there are no constraint changes
Command: synth_design -top NanoProcessor -part xc7a35tcpg236-1
Starting synth_design
Attempting to get a license for feature 'Synthesis' and/or device 'xc7a35t'
INFO: [Common 17-349] Got license for feature 'Synthesis' and/or device 'xc7a35t'
INFO: [Device 21-403] Loading part xc7a35tcpg236-1
INFO: [Designutils 20-5440] No compile time benefit to using incremental synthesis; A full resynthesis will be run
INFO: [Designutils 20-4379] Flow is switching to default flow due to incremental criteria not met. If you would like to alter this behaviour and have the flow terminate instead, please set the following parameter config_implementation {autoIncr.Synth.RejectBehavior Terminate}
INFO: [Synth 8-7079] Multithreading enabled for synth_design using a maximum of 2 processes.
INFO: [Synth 8-7078] Launching helper process for spawning children vivado processes
INFO: [Synth 8-7075] Helper process launched with PID 2896
INFO: [Synth 8-11241] undeclared symbol 'REGCCE', assumed default net type 'wire' [C:/Xilinx/Vivado/2022.2/data/verilog/src/unimacro/BRAM_SINGLE_MACRO.v:2170]
---------------------------------------------------------------------------------
Starting RTL Elaboration : Time (s): cpu = 00:00:03 ; elapsed = 00:00:07 . Memory (MB): peak = 1207.039 ; gain = 408.297
---------------------------------------------------------------------------------
INFO: [Synth 8-638] synthesizing module 'NanoProcessor' [C:/Users/Kopimenan/Downloads/Documents/project_1/project_1.srcs/sources_1/new/NanoProcessor.vhd:45]
INFO: [Synth 8-3491] module 'LUT_16_7' declared at 'C:/Users/Kopimenan/Downloads/Documents/project_1/project_1.srcs/sources_1/new/SevenSeg_LUT_16_7.vhd:34' bound to instance 'LUT_16_7_0' of component 'LUT_16_7' [C:/Users/Kopimenan/Downloads/Documents/project_1/project_1.srcs/sources_1/new/NanoProcessor.vhd:170]
INFO: [Synth 8-638] synthesizing module 'LUT_16_7' [C:/Users/Kopimenan/Downloads/Documents/project_1/project_1.srcs/sources_1/new/SevenSeg_LUT_16_7.vhd:39]
INFO: [Synth 8-256] done synthesizing module 'LUT_16_7' (0#1) [C:/Users/Kopimenan/Downloads/Documents/project_1/project_1.srcs/sources_1/new/SevenSeg_LUT_16_7.vhd:39]
INFO: [Synth 8-3491] module 'Slow_Clk' declared at 'C:/Users/Kopimenan/Downloads/Documents/project_1/project_1.srcs/sources_1/new/Slow_Clk.vhd:34' bound to instance 'Slow_Clk_0' of component 'Slow_Clk' [C:/Users/Kopimenan/Downloads/Documents/project_1/project_1.srcs/sources_1/new/NanoProcessor.vhd:175]
INFO: [Synth 8-638] synthesizing module 'Slow_Clk' [C:/Users/Kopimenan/Downloads/Documents/project_1/project_1.srcs/sources_1/new/Slow_Clk.vhd:39]
INFO: [Synth 8-256] done synthesizing module 'Slow_Clk' (0#1) [C:/Users/Kopimenan/Downloads/Documents/project_1/project_1.srcs/sources_1/new/Slow_Clk.vhd:39]
INFO: [Synth 8-3491] module 'Program_Rom' declared at 'C:/Users/Kopimenan/Downloads/Documents/project_1/project_1.srcs/sources_1/new/Program_Rom.vhd:35' bound to instance 'Program_Rom_0' of component 'Program_Rom' [C:/Users/Kopimenan/Downloads/Documents/project_1/project_1.srcs/sources_1/new/NanoProcessor.vhd:180]
INFO: [Synth 8-638] synthesizing module 'Program_Rom' [C:/Users/Kopimenan/Downloads/Documents/project_1/project_1.srcs/sources_1/new/Program_Rom.vhd:41]
INFO: [Synth 8-256] done synthesizing module 'Program_Rom' (0#1) [C:/Users/Kopimenan/Downloads/Documents/project_1/project_1.srcs/sources_1/new/Program_Rom.vhd:41]
INFO: [Synth 8-3491] module 'Program_Counter' declared at 'C:/Users/Kopimenan/Downloads/Documents/project_1/project_1.srcs/sources_1/new/Program_Counter.vhd:35' bound to instance 'Program_Counter_0' of component 'Program_Counter' [C:/Users/Kopimenan/Downloads/Documents/project_1/project_1.srcs/sources_1/new/NanoProcessor.vhd:185]
INFO: [Synth 8-638] synthesizing module 'Program_Counter' [C:/Users/Kopimenan/Downloads/Documents/project_1/project_1.srcs/sources_1/new/Program_Counter.vhd:43]
INFO: [Synth 8-256] done synthesizing module 'Program_Counter' (0#1) [C:/Users/Kopimenan/Downloads/Documents/project_1/project_1.srcs/sources_1/new/Program_Counter.vhd:43]
INFO: [Synth 8-3491] module 'Instuction_Decoder' declared at 'C:/Users/Kopimenan/Downloads/Documents/project_1/project_1.srcs/sources_1/new/Instruction_Decoder.vhd:33' bound to instance 'Instuction_Decoder_0' of component 'Instuction_Decoder' [C:/Users/Kopimenan/Downloads/Documents/project_1/project_1.srcs/sources_1/new/NanoProcessor.vhd:194]
INFO: [Synth 8-638] synthesizing module 'Instuction_Decoder' [C:/Users/Kopimenan/Downloads/Documents/project_1/project_1.srcs/sources_1/new/Instruction_Decoder.vhd:47]
INFO: [Synth 8-256] done synthesizing module 'Instuction_Decoder' (0#1) [C:/Users/Kopimenan/Downloads/Documents/project_1/project_1.srcs/sources_1/new/Instruction_Decoder.vhd:47]
INFO: [Synth 8-3491] module 'Register_Bank' declared at 'C:/Users/Kopimenan/Downloads/Documents/project_1/project_1.srcs/sources_1/new/Reg_Bank.vhd:35' bound to instance 'Reg_Bank_0' of component 'Register_Bank' [C:/Users/Kopimenan/Downloads/Documents/project_1/project_1.srcs/sources_1/new/NanoProcessor.vhd:209]
INFO: [Synth 8-638] synthesizing module 'Register_Bank' [C:/Users/Kopimenan/Downloads/Documents/project_1/project_1.srcs/sources_1/new/Reg_Bank.vhd:50]
INFO: [Synth 8-3491] module 'Decoder_3_to_8' declared at 'C:/Users/Kopimenan/Downloads/Documents/project_1/project_1.srcs/sources_1/new/Decoder_3_to_8.vhd:33' bound to instance 'Decoder_3_to_8_0' of component 'Decoder_3_to_8' [C:/Users/Kopimenan/Downloads/Documents/project_1/project_1.srcs/sources_1/new/Reg_Bank.vhd:70]
INFO: [Synth 8-638] synthesizing module 'Decoder_3_to_8' [C:/Users/Kopimenan/Downloads/Documents/project_1/project_1.srcs/sources_1/new/Decoder_3_to_8.vhd:39]
INFO: [Synth 8-256] done synthesizing module 'Decoder_3_to_8' (0#1) [C:/Users/Kopimenan/Downloads/Documents/project_1/project_1.srcs/sources_1/new/Decoder_3_to_8.vhd:39]
INFO: [Synth 8-3491] module 'Reg' declared at 'C:/Users/Kopimenan/Downloads/Documents/project_1/project_1.srcs/sources_1/new/Reg.vhd:33' bound to instance 'R0' of component 'Reg' [C:/Users/Kopimenan/Downloads/Documents/project_1/project_1.srcs/sources_1/new/Reg_Bank.vhd:77]
INFO: [Synth 8-638] synthesizing module 'Reg' [C:/Users/Kopimenan/Downloads/Documents/project_1/project_1.srcs/sources_1/new/Reg.vhd:41]
INFO: [Synth 8-256] done synthesizing module 'Reg' (0#1) [C:/Users/Kopimenan/Downloads/Documents/project_1/project_1.srcs/sources_1/new/Reg.vhd:41]
INFO: [Synth 8-3491] module 'Reg' declared at 'C:/Users/Kopimenan/Downloads/Documents/project_1/project_1.srcs/sources_1/new/Reg.vhd:33' bound to instance 'R1' of component 'Reg' [C:/Users/Kopimenan/Downloads/Documents/project_1/project_1.srcs/sources_1/new/Reg_Bank.vhd:86]
INFO: [Synth 8-3491] module 'Reg' declared at 'C:/Users/Kopimenan/Downloads/Documents/project_1/project_1.srcs/sources_1/new/Reg.vhd:33' bound to instance 'R2' of component 'Reg' [C:/Users/Kopimenan/Downloads/Documents/project_1/project_1.srcs/sources_1/new/Reg_Bank.vhd:95]
INFO: [Synth 8-3491] module 'Reg' declared at 'C:/Users/Kopimenan/Downloads/Documents/project_1/project_1.srcs/sources_1/new/Reg.vhd:33' bound to instance 'R3' of component 'Reg' [C:/Users/Kopimenan/Downloads/Documents/project_1/project_1.srcs/sources_1/new/Reg_Bank.vhd:104]
INFO: [Synth 8-3491] module 'Reg' declared at 'C:/Users/Kopimenan/Downloads/Documents/project_1/project_1.srcs/sources_1/new/Reg.vhd:33' bound to instance 'R4' of component 'Reg' [C:/Users/Kopimenan/Downloads/Documents/project_1/project_1.srcs/sources_1/new/Reg_Bank.vhd:113]
INFO: [Synth 8-3491] module 'Reg' declared at 'C:/Users/Kopimenan/Downloads/Documents/project_1/project_1.srcs/sources_1/new/Reg.vhd:33' bound to instance 'R5' of component 'Reg' [C:/Users/Kopimenan/Downloads/Documents/project_1/project_1.srcs/sources_1/new/Reg_Bank.vhd:122]
INFO: [Synth 8-3491] module 'Reg' declared at 'C:/Users/Kopimenan/Downloads/Documents/project_1/project_1.srcs/sources_1/new/Reg.vhd:33' bound to instance 'R6' of component 'Reg' [C:/Users/Kopimenan/Downloads/Documents/project_1/project_1.srcs/sources_1/new/Reg_Bank.vhd:131]
INFO: [Synth 8-3491] module 'Reg' declared at 'C:/Users/Kopimenan/Downloads/Documents/project_1/project_1.srcs/sources_1/new/Reg.vhd:33' bound to instance 'R7' of component 'Reg' [C:/Users/Kopimenan/Downloads/Documents/project_1/project_1.srcs/sources_1/new/Reg_Bank.vhd:140]
INFO: [Synth 8-256] done synthesizing module 'Register_Bank' (0#1) [C:/Users/Kopimenan/Downloads/Documents/project_1/project_1.srcs/sources_1/new/Reg_Bank.vhd:50]
INFO: [Synth 8-3491] module 'Add_Sub_Unit' declared at 'C:/Users/Kopimenan/Downloads/Documents/project_1/project_1.srcs/sources_1/new/Add_Sub_Unit.vhd:24' bound to instance 'Add_Sub_Unit_0' of component 'Add_Sub_Unit' [C:/Users/Kopimenan/Downloads/Documents/project_1/project_1.srcs/sources_1/new/NanoProcessor.vhd:224]
INFO: [Synth 8-638] synthesizing module 'Add_Sub_Unit' [C:/Users/Kopimenan/Downloads/Documents/project_1/project_1.srcs/sources_1/new/Add_Sub_Unit.vhd:35]
INFO: [Synth 8-3491] module 'RCA_4' declared at 'C:/Users/Kopimenan/Downloads/Documents/project_1/project_1.srcs/sources_1/new/RCA_4.vhd:33' bound to instance 'RCA_4_0' of component 'RCA_4' [C:/Users/Kopimenan/Downloads/Documents/project_1/project_1.srcs/sources_1/new/Add_Sub_Unit.vhd:52]
INFO: [Synth 8-638] synthesizing module 'RCA_4' [C:/Users/Kopimenan/Downloads/Documents/project_1/project_1.srcs/sources_1/new/RCA_4.vhd:41]
INFO: [Synth 8-3491] module 'FA' declared at 'C:/Users/Kopimenan/Downloads/Documents/project_1/project_1.srcs/sources_1/new/FA.vhd:34' bound to instance 'FA_0' of component 'FA' [C:/Users/Kopimenan/Downloads/Documents/project_1/project_1.srcs/sources_1/new/RCA_4.vhd:53]
INFO: [Synth 8-638] synthesizing module 'FA' [C:/Users/Kopimenan/Downloads/Documents/project_1/project_1.srcs/sources_1/new/FA.vhd:42]
INFO: [Synth 8-3491] module 'HA' declared at 'C:/Users/Kopimenan/Downloads/Documents/project_1/project_1.srcs/sources_1/new/HA.vhd:34' bound to instance 'HA_0' of component 'HA' [C:/Users/Kopimenan/Downloads/Documents/project_1/project_1.srcs/sources_1/new/FA.vhd:57]
INFO: [Synth 8-638] synthesizing module 'HA' [C:/Users/Kopimenan/Downloads/Documents/project_1/project_1.srcs/sources_1/new/HA.vhd:41]
INFO: [Synth 8-256] done synthesizing module 'HA' (0#1) [C:/Users/Kopimenan/Downloads/Documents/project_1/project_1.srcs/sources_1/new/HA.vhd:41]
INFO: [Synth 8-3491] module 'HA' declared at 'C:/Users/Kopimenan/Downloads/Documents/project_1/project_1.srcs/sources_1/new/HA.vhd:34' bound to instance 'HA_1' of component 'HA' [C:/Users/Kopimenan/Downloads/Documents/project_1/project_1.srcs/sources_1/new/FA.vhd:64]
INFO: [Synth 8-256] done synthesizing module 'FA' (0#1) [C:/Users/Kopimenan/Downloads/Documents/project_1/project_1.srcs/sources_1/new/FA.vhd:42]
INFO: [Synth 8-3491] module 'FA' declared at 'C:/Users/Kopimenan/Downloads/Documents/project_1/project_1.srcs/sources_1/new/FA.vhd:34' bound to instance 'FA_1' of component 'FA' [C:/Users/Kopimenan/Downloads/Documents/project_1/project_1.srcs/sources_1/new/RCA_4.vhd:61]
INFO: [Synth 8-3491] module 'FA' declared at 'C:/Users/Kopimenan/Downloads/Documents/project_1/project_1.srcs/sources_1/new/FA.vhd:34' bound to instance 'FA_2' of component 'FA' [C:/Users/Kopimenan/Downloads/Documents/project_1/project_1.srcs/sources_1/new/RCA_4.vhd:69]
INFO: [Synth 8-3491] module 'FA' declared at 'C:/Users/Kopimenan/Downloads/Documents/project_1/project_1.srcs/sources_1/new/FA.vhd:34' bound to instance 'FA_3' of component 'FA' [C:/Users/Kopimenan/Downloads/Documents/project_1/project_1.srcs/sources_1/new/RCA_4.vhd:77]
INFO: [Synth 8-256] done synthesizing module 'RCA_4' (0#1) [C:/Users/Kopimenan/Downloads/Documents/project_1/project_1.srcs/sources_1/new/RCA_4.vhd:41]
INFO: [Synth 8-256] done synthesizing module 'Add_Sub_Unit' (0#1) [C:/Users/Kopimenan/Downloads/Documents/project_1/project_1.srcs/sources_1/new/Add_Sub_Unit.vhd:35]
INFO: [Synth 8-3491] module 'MUX_2_way_4_Bit' declared at 'C:/Users/Kopimenan/Downloads/Documents/project_1/project_1.srcs/sources_1/new/MUX_2_way_4_Bit.vhd:25' bound to instance 'Mux_2_way_4_Bit_0' of component 'MUX_2_way_4_Bit' [C:/Users/Kopimenan/Downloads/Documents/project_1/project_1.srcs/sources_1/new/NanoProcessor.vhd:234]
INFO: [Synth 8-638] synthesizing module 'MUX_2_way_4_Bit' [C:/Users/Kopimenan/Downloads/Documents/project_1/project_1.srcs/sources_1/new/MUX_2_way_4_Bit.vhd:32]
INFO: [Synth 8-226] default block is never used [C:/Users/Kopimenan/Downloads/Documents/project_1/project_1.srcs/sources_1/new/MUX_2_way_4_Bit.vhd:37]
INFO: [Synth 8-256] done synthesizing module 'MUX_2_way_4_Bit' (0#1) [C:/Users/Kopimenan/Downloads/Documents/project_1/project_1.srcs/sources_1/new/MUX_2_way_4_Bit.vhd:32]
INFO: [Synth 8-3491] module 'MUX_8_way_4_Bit' declared at 'C:/Users/Kopimenan/Downloads/Documents/project_1/project_1.srcs/sources_1/new/MUX_8_way_4_Bit.vhd:25' bound to instance 'MUX_8_way_4_Bit_A' of component 'MUX_8_way_4_Bit' [C:/Users/Kopimenan/Downloads/Documents/project_1/project_1.srcs/sources_1/new/NanoProcessor.vhd:242]
INFO: [Synth 8-638] synthesizing module 'MUX_8_way_4_Bit' [C:/Users/Kopimenan/Downloads/Documents/project_1/project_1.srcs/sources_1/new/MUX_8_way_4_Bit.vhd:38]
INFO: [Synth 8-226] default block is never used [C:/Users/Kopimenan/Downloads/Documents/project_1/project_1.srcs/sources_1/new/MUX_8_way_4_Bit.vhd:43]
INFO: [Synth 8-256] done synthesizing module 'MUX_8_way_4_Bit' (0#1) [C:/Users/Kopimenan/Downloads/Documents/project_1/project_1.srcs/sources_1/new/MUX_8_way_4_Bit.vhd:38]
INFO: [Synth 8-3491] module 'MUX_8_way_4_Bit' declared at 'C:/Users/Kopimenan/Downloads/Documents/project_1/project_1.srcs/sources_1/new/MUX_8_way_4_Bit.vhd:25' bound to instance 'MUX_8_way_4_Bit_B' of component 'MUX_8_way_4_Bit' [C:/Users/Kopimenan/Downloads/Documents/project_1/project_1.srcs/sources_1/new/NanoProcessor.vhd:256]
INFO: [Synth 8-3491] module 'Adder_3_Bit' declared at 'C:/Users/Kopimenan/Downloads/Documents/project_1/project_1.srcs/sources_1/new/Adder_3_Bit.vhd:34' bound to instance 'Adder_3_Bit_0' of component 'Adder_3_Bit' [C:/Users/Kopimenan/Downloads/Documents/project_1/project_1.srcs/sources_1/new/NanoProcessor.vhd:270]
INFO: [Synth 8-638] synthesizing module 'Adder_3_Bit' [C:/Users/Kopimenan/Downloads/Documents/project_1/project_1.srcs/sources_1/new/Adder_3_Bit.vhd:41]
INFO: [Synth 8-3491] module 'FA' declared at 'C:/Users/Kopimenan/Downloads/Documents/project_1/project_1.srcs/sources_1/new/FA.vhd:34' bound to instance 'FA_0' of component 'FA' [C:/Users/Kopimenan/Downloads/Documents/project_1/project_1.srcs/sources_1/new/Adder_3_Bit.vhd:60]
INFO: [Synth 8-3491] module 'FA' declared at 'C:/Users/Kopimenan/Downloads/Documents/project_1/project_1.srcs/sources_1/new/FA.vhd:34' bound to instance 'FA_1' of component 'FA' [C:/Users/Kopimenan/Downloads/Documents/project_1/project_1.srcs/sources_1/new/Adder_3_Bit.vhd:68]
INFO: [Synth 8-3491] module 'FA' declared at 'C:/Users/Kopimenan/Downloads/Documents/project_1/project_1.srcs/sources_1/new/FA.vhd:34' bound to instance 'FA_2' of component 'FA' [C:/Users/Kopimenan/Downloads/Documents/project_1/project_1.srcs/sources_1/new/Adder_3_Bit.vhd:76]
INFO: [Synth 8-256] done synthesizing module 'Adder_3_Bit' (0#1) [C:/Users/Kopimenan/Downloads/Documents/project_1/project_1.srcs/sources_1/new/Adder_3_Bit.vhd:41]
INFO: [Synth 8-3491] module 'MUX_2_way_3_Bit' declared at 'C:/Users/Kopimenan/Downloads/Documents/project_1/project_1.srcs/sources_1/new/MUX_2_way_3_Bit.vhd:25' bound to instance 'MUX_2_way_3_Bit_0' of component 'MUX_2_way_3_Bit' [C:/Users/Kopimenan/Downloads/Documents/project_1/project_1.srcs/sources_1/new/NanoProcessor.vhd:277]
INFO: [Synth 8-638] synthesizing module 'MUX_2_way_3_Bit' [C:/Users/Kopimenan/Downloads/Documents/project_1/project_1.srcs/sources_1/new/MUX_2_way_3_Bit.vhd:32]
INFO: [Synth 8-226] default block is never used [C:/Users/Kopimenan/Downloads/Documents/project_1/project_1.srcs/sources_1/new/MUX_2_way_3_Bit.vhd:37]
INFO: [Synth 8-256] done synthesizing module 'MUX_2_way_3_Bit' (0#1) [C:/Users/Kopimenan/Downloads/Documents/project_1/project_1.srcs/sources_1/new/MUX_2_way_3_Bit.vhd:32]
INFO: [Synth 8-256] done synthesizing module 'NanoProcessor' (0#1) [C:/Users/Kopimenan/Downloads/Documents/project_1/project_1.srcs/sources_1/new/NanoProcessor.vhd:45]
WARNING: [Synth 8-3917] design NanoProcessor has port anode[3] driven by constant 1
WARNING: [Synth 8-3917] design NanoProcessor has port anode[2] driven by constant 1
WARNING: [Synth 8-3917] design NanoProcessor has port anode[1] driven by constant 1
WARNING: [Synth 8-3917] design NanoProcessor has port anode[0] driven by constant 0
WARNING: [Synth 8-7129] Port C_in in module Adder_3_Bit is either unconnected or has no load
WARNING: [Synth 8-7129] Port EN in module Decoder_3_to_8 is either unconnected or has no load
WARNING: [Synth 8-7129] Port En in module Program_Counter is either unconnected or has no load
---------------------------------------------------------------------------------
Finished RTL Elaboration : Time (s): cpu = 00:00:05 ; elapsed = 00:00:10 . Memory (MB): peak = 1298.832 ; gain = 500.090
---------------------------------------------------------------------------------
---------------------------------------------------------------------------------
Start Handling Custom Attributes
---------------------------------------------------------------------------------
---------------------------------------------------------------------------------
Finished Handling Custom Attributes : Time (s): cpu = 00:00:05 ; elapsed = 00:00:10 . Memory (MB): peak = 1298.832 ; gain = 500.090
---------------------------------------------------------------------------------
---------------------------------------------------------------------------------
Finished RTL Optimization Phase 1 : Time (s): cpu = 00:00:05 ; elapsed = 00:00:10 . Memory (MB): peak = 1298.832 ; gain = 500.090
---------------------------------------------------------------------------------
Netlist sorting complete. Time (s): cpu = 00:00:00 ; elapsed = 00:00:00.003 . Memory (MB): peak = 1298.832 ; gain = 0.000
INFO: [Project 1-570] Preparing netlist for logic optimization

Processing XDC Constraints
Initializing timing engine
Parsing XDC File [C:/Users/Kopimenan/Downloads/Documents/project_1/project_1.srcs/constrs_1/new/nanoProcessor.xdc]
Finished Parsing XDC File [C:/Users/Kopimenan/Downloads/Documents/project_1/project_1.srcs/constrs_1/new/nanoProcessor.xdc]
INFO: [Project 1-236] Implementation specific constraints were found while reading constraint file [C:/Users/Kopimenan/Downloads/Documents/project_1/project_1.srcs/constrs_1/new/nanoProcessor.xdc]. These constraints will be ignored for synthesis but will be used in implementation. Impacted constraints are listed in the file [.Xil/NanoProcessor_propImpl.xdc].
Resolution: To avoid this warning, move constraints listed in [.Xil/NanoProcessor_propImpl.xdc] to another XDC file and exclude this new file from synthesis with the used_in_synthesis property (File Properties dialog in GUI) and re-run elaboration/synthesis.
Completed Processing XDC Constraints

Netlist sorting complete. Time (s): cpu = 00:00:00 ; elapsed = 00:00:00.001 . Memory (MB): peak = 1357.977 ; gain = 0.000
INFO: [Project 1-111] Unisim Transformation Summary:
No Unisim elements were transformed.

Constraint Validation Runtime : Time (s): cpu = 00:00:00 ; elapsed = 00:00:00.004 . Memory (MB): peak = 1357.977 ; gain = 0.000
INFO: [Designutils 20-5440] No compile time benefit to using incremental synthesis; A full resynthesis will be run
INFO: [Designutils 20-4379] Flow is switching to default flow due to incremental criteria not met. If you would like to alter this behaviour and have the flow terminate instead, please set the following parameter config_implementation {autoIncr.Synth.RejectBehavior Terminate}
INFO: [Synth 8-11241] undeclared symbol 'REGCCE', assumed default net type 'wire' [C:/Xilinx/Vivado/2022.2/data/verilog/src/unimacro/BRAM_SINGLE_MACRO.v:2170]
---------------------------------------------------------------------------------
Finished Constraint Validation : Time (s): cpu = 00:00:10 ; elapsed = 00:00:20 . Memory (MB): peak = 1357.977 ; gain = 559.234
---------------------------------------------------------------------------------
---------------------------------------------------------------------------------
Start Loading Part and Timing Information
---------------------------------------------------------------------------------
Loading part: xc7a35tcpg236-1
---------------------------------------------------------------------------------
Finished Loading Part and Timing Information : Time (s): cpu = 00:00:10 ; elapsed = 00:00:20 . Memory (MB): peak = 1357.977 ; gain = 559.234
---------------------------------------------------------------------------------
---------------------------------------------------------------------------------
Start Applying 'set_property' XDC Constraints
---------------------------------------------------------------------------------
---------------------------------------------------------------------------------
Finished applying 'set_property' XDC Constraints : Time (s): cpu = 00:00:10 ; elapsed = 00:00:20 . Memory (MB): peak = 1357.977 ; gain = 559.234
---------------------------------------------------------------------------------
---------------------------------------------------------------------------------
Finished RTL Optimization Phase 2 : Time (s): cpu = 00:00:10 ; elapsed = 00:00:21 . Memory (MB): peak = 1357.977 ; gain = 559.234
---------------------------------------------------------------------------------
---------------------------------------------------------------------------------
Start RTL Component Statistics 
---------------------------------------------------------------------------------
Detailed RTL Component Info : 
+---Adders : 
	   2 Input   32 Bit       Adders := 1     
+---XORs : 
	   2 Input      1 Bit         XORs := 18    
	   4 Input      1 Bit         XORs := 1     
+---Registers : 
	               32 Bit    Registers := 1     
	                4 Bit    Registers := 8     
	                3 Bit    Registers := 1     
	                1 Bit    Registers := 2     
+---Muxes : 
	   9 Input   12 Bit        Muxes := 1     
	   8 Input    8 Bit        Muxes := 1     
	  17 Input    7 Bit        Muxes := 1     
	   2 Input    4 Bit        Muxes := 4     
	   2 Input    3 Bit        Muxes := 12    
	   5 Input    3 Bit        Muxes := 1     
	   2 Input    1 Bit        Muxes := 2     
---------------------------------------------------------------------------------
Finished RTL Component Statistics 
---------------------------------------------------------------------------------
---------------------------------------------------------------------------------
Start Part Resource Summary
---------------------------------------------------------------------------------
Part Resources:
DSPs: 90 (col length:60)
BRAMs: 100 (col length: RAMB18 60 RAMB36 30)
---------------------------------------------------------------------------------
Finished Part Resource Summary
---------------------------------------------------------------------------------
---------------------------------------------------------------------------------
Start Cross Boundary and Area Optimization
---------------------------------------------------------------------------------
WARNING: [Synth 8-7080] Parallel synthesis criteria is not met
WARNING: [Synth 8-3917] design NanoProcessor has port anode[3] driven by constant 1
WARNING: [Synth 8-3917] design NanoProcessor has port anode[2] driven by constant 1
WARNING: [Synth 8-3917] design NanoProcessor has port anode[1] driven by constant 1
WARNING: [Synth 8-3917] design NanoProcessor has port anode[0] driven by constant 0
---------------------------------------------------------------------------------
Finished Cross Boundary and Area Optimization : Time (s): cpu = 00:00:12 ; elapsed = 00:00:24 . Memory (MB): peak = 1357.977 ; gain = 559.234
---------------------------------------------------------------------------------
---------------------------------------------------------------------------------
Start Applying XDC Timing Constraints
---------------------------------------------------------------------------------
---------------------------------------------------------------------------------
Finished Applying XDC Timing Constraints : Time (s): cpu = 00:00:16 ; elapsed = 00:00:31 . Memory (MB): peak = 1357.977 ; gain = 559.234
---------------------------------------------------------------------------------
---------------------------------------------------------------------------------
Start Timing Optimization
---------------------------------------------------------------------------------
---------------------------------------------------------------------------------
Finished Timing Optimization : Time (s): cpu = 00:00:16 ; elapsed = 00:00:31 . Memory (MB): peak = 1357.977 ; gain = 559.234
---------------------------------------------------------------------------------
---------------------------------------------------------------------------------
Start Technology Mapping
---------------------------------------------------------------------------------
---------------------------------------------------------------------------------
Finished Technology Mapping : Time (s): cpu = 00:00:16 ; elapsed = 00:00:31 . Memory (MB): peak = 1357.977 ; gain = 559.234
---------------------------------------------------------------------------------
---------------------------------------------------------------------------------
Start IO Insertion
---------------------------------------------------------------------------------
---------------------------------------------------------------------------------
Start Flattening Before IO Insertion
---------------------------------------------------------------------------------
---------------------------------------------------------------------------------
Finished Flattening Before IO Insertion
---------------------------------------------------------------------------------
---------------------------------------------------------------------------------
Start Final Netlist Cleanup
---------------------------------------------------------------------------------
---------------------------------------------------------------------------------
Finished Final Netlist Cleanup
---------------------------------------------------------------------------------
---------------------------------------------------------------------------------
Finished IO Insertion : Time (s): cpu = 00:00:19 ; elapsed = 00:00:37 . Memory (MB): peak = 1357.977 ; gain = 559.234
---------------------------------------------------------------------------------
---------------------------------------------------------------------------------
Start Renaming Generated Instances
---------------------------------------------------------------------------------
---------------------------------------------------------------------------------
Finished Renaming Generated Instances : Time (s): cpu = 00:00:19 ; elapsed = 00:00:37 . Memory (MB): peak = 1357.977 ; gain = 559.234
---------------------------------------------------------------------------------
---------------------------------------------------------------------------------
Start Rebuilding User Hierarchy
---------------------------------------------------------------------------------
---------------------------------------------------------------------------------
Finished Rebuilding User Hierarchy : Time (s): cpu = 00:00:19 ; elapsed = 00:00:37 . Memory (MB): peak = 1357.977 ; gain = 559.234
---------------------------------------------------------------------------------
---------------------------------------------------------------------------------
Start Renaming Generated Ports
---------------------------------------------------------------------------------
---------------------------------------------------------------------------------
Finished Renaming Generated Ports : Time (s): cpu = 00:00:19 ; elapsed = 00:00:37 . Memory (MB): peak = 1357.977 ; gain = 559.234
---------------------------------------------------------------------------------
---------------------------------------------------------------------------------
Start Handling Custom Attributes
---------------------------------------------------------------------------------
---------------------------------------------------------------------------------
Finished Handling Custom Attributes : Time (s): cpu = 00:00:19 ; elapsed = 00:00:37 . Memory (MB): peak = 1357.977 ; gain = 559.234
---------------------------------------------------------------------------------
---------------------------------------------------------------------------------
Start Renaming Generated Nets
---------------------------------------------------------------------------------
---------------------------------------------------------------------------------
Finished Renaming Generated Nets : Time (s): cpu = 00:00:19 ; elapsed = 00:00:37 . Memory (MB): peak = 1357.977 ; gain = 559.234
---------------------------------------------------------------------------------
---------------------------------------------------------------------------------
Start Writing Synthesis Report
---------------------------------------------------------------------------------

Report BlackBoxes: 
+-+--------------+----------+
| |BlackBox name |Instances |
+-+--------------+----------+
+-+--------------+----------+

Report Cell Usage: 
+------+-------+------+
|      |Cell   |Count |
+------+-------+------+
|1     |BUFG   |     1|
|2     |CARRY4 |     8|
|3     |LUT1   |     1|
|4     |LUT2   |     2|
|5     |LUT3   |    13|
|6     |LUT4   |    12|
|7     |LUT5   |    12|
|8     |LUT6   |    11|
|9     |FDCE   |    16|
|10    |FDRE   |    36|
|11    |FDSE   |     1|
|12    |IBUF   |     2|
|13    |OBUF   |    17|
+------+-------+------+
---------------------------------------------------------------------------------
Finished Writing Synthesis Report : Time (s): cpu = 00:00:19 ; elapsed = 00:00:37 . Memory (MB): peak = 1357.977 ; gain = 559.234
---------------------------------------------------------------------------------
Synthesis finished with 0 errors, 0 critical warnings and 5 warnings.
Synthesis Optimization Runtime : Time (s): cpu = 00:00:13 ; elapsed = 00:00:34 . Memory (MB): peak = 1357.977 ; gain = 500.090
Synthesis Optimization Complete : Time (s): cpu = 00:00:19 ; elapsed = 00:00:37 . Memory (MB): peak = 1357.977 ; gain = 559.234
INFO: [Project 1-571] Translating synthesized netlist
Netlist sorting complete. Time (s): cpu = 00:00:00 ; elapsed = 00:00:00.001 . Memory (MB): peak = 1357.977 ; gain = 0.000
INFO: [Netlist 29-17] Analyzing 8 Unisim elements for replacement
INFO: [Netlist 29-28] Unisim Transformation completed in 0 CPU seconds
INFO: [Project 1-570] Preparing netlist for logic optimization
INFO: [Opt 31-138] Pushed 0 inverter(s) to 0 load pin(s).
Netlist sorting complete. Time (s): cpu = 00:00:00 ; elapsed = 00:00:00.001 . Memory (MB): peak = 1357.977 ; gain = 0.000
INFO: [Project 1-111] Unisim Transformation Summary:
No Unisim elements were transformed.

Synth Design complete, checksum: 5c9b9047
INFO: [Common 17-83] Releasing license: Synthesis
91 Infos, 12 Warnings, 0 Critical Warnings and 0 Errors encountered.
synth_design completed successfully
synth_design: Time (s): cpu = 00:00:23 ; elapsed = 00:00:56 . Memory (MB): peak = 1357.977 ; gain = 938.070
INFO: [Common 17-1381] The checkpoint 'C:/Users/Kopimenan/Downloads/Documents/project_1/project_1.runs/synth_1/NanoProcessor.dcp' has been generated.
INFO: [runtcl-4] Executing : report_utilization -file NanoProcessor_utilization_synth.rpt -pb NanoProcessor_utilization_synth.pb
INFO: [Common 17-206] Exiting Vivado at Sun Jun 11 22:47:30 2023...
